<?xml version="1.0" encoding="UTF-8"?>
<!-- Generated by org.testng.reporters.JUnitXMLReporter -->
<testsuite ignored="0" hostname="QT-INBG-LT1026" failures="0" tests="6" name="Mobileworld" time="46.845" errors="0" timestamp="2022-09-23T18:19:43 IST">
  <testcase classname="Pom.Mobileworld.signin" name="SignIn" time="10.467"/>
  <testcase classname="Pom.Mobileworld.signin" name="SignIn" time="6.519"/>
  <testcase classname="Pom.Mobileworld.signup" name="SignUp" time="7.182"/>
  <testcase classname="Pom.Mobileworld.signup" name="SignUp" time="6.972"/>
  <testcase classname="Pom.Mobileworld.contactus" name="ContactUs" time="7.85"/>
  <testcase classname="Pom.Mobileworld.contactus" name="ContactUs" time="7.723"/>
</testsuite> <!-- Mobileworld -->
