<?xml version="1.0" encoding="UTF-8"?>
<testng-results ignored="0" total="6" passed="6" failed="0" skipped="0">
  <reporter-output>
  </reporter-output>
  <suite started-at="2022-09-23T18:18:57 IST" name="Suite" finished-at="2022-09-23T18:19:43 IST" duration-ms="46845">
    <groups>
      <group name="group">
        <method signature="signin.SignIn(java.lang.String,java.lang.String)[pri:0, instance:Pom.Mobileworld.signin@6c1a5b54]" name="SignIn" class="Pom.Mobileworld.signin"/>
        <method signature="signup.SignUp(java.lang.String,java.lang.String,java.lang.String,java.lang.String,java.lang.String,java.lang.String,java.lang.String)[pri:0, instance:Pom.Mobileworld.signup@712625fd]" name="SignUp" class="Pom.Mobileworld.signup"/>
      </group> <!-- group -->
    </groups>
    <test started-at="2022-09-23T18:18:57 IST" name="Mobileworld" finished-at="2022-09-23T18:19:43 IST" duration-ms="46845">
      <class name="Pom.Mobileworld.contactus">
        <test-method signature="ContactUs(java.lang.String,java.lang.String,java.lang.String,java.lang.String)[pri:0, instance:Pom.Mobileworld.contactus@79e4c792]" started-at="2022-09-23T18:19:28 IST" name="ContactUs" data-provider="ContactUs" finished-at="2022-09-23T18:19:36 IST" duration-ms="7850" status="PASS">
          <params>
            <param index="0">
              <value>
                <![CDATA[Vaishnavi]]>
              </value>
            </param>
            <param index="1">
              <value>
                <![CDATA[vaishvai@gmail.com]]>
              </value>
            </param>
            <param index="2">
              <value>
                <![CDATA[762489824]]>
              </value>
            </param>
            <param index="3">
              <value>
                <![CDATA[This is the problem]]>
              </value>
            </param>
          </params>
          <reporter-output>
          </reporter-output>
        </test-method> <!-- ContactUs -->
        <test-method signature="ContactUs(java.lang.String,java.lang.String,java.lang.String,java.lang.String)[pri:0, instance:Pom.Mobileworld.contactus@79e4c792]" started-at="2022-09-23T18:19:36 IST" name="ContactUs" data-provider="ContactUs" finished-at="2022-09-23T18:19:43 IST" duration-ms="7723" status="PASS">
          <params>
            <param index="0">
              <value>
                <![CDATA[vaishu]]>
              </value>
            </param>
            <param index="1">
              <value>
                <![CDATA[abc@gmail.com]]>
              </value>
            </param>
            <param index="2">
              <value>
                <![CDATA[928732462888899900007789333]]>
              </value>
            </param>
            <param index="3">
              <value>
                <![CDATA[this is the message]]>
              </value>
            </param>
          </params>
          <reporter-output>
          </reporter-output>
        </test-method> <!-- ContactUs -->
        <test-method is-config="true" signature="Aftersuite()[pri:0, instance:Pom.Mobileworld.contactus@79e4c792]" started-at="2022-09-23T18:19:43 IST" name="Aftersuite" finished-at="2022-09-23T18:19:43 IST" duration-ms="0" status="PASS">
          <reporter-output>
          </reporter-output>
        </test-method> <!-- Aftersuite -->
      </class> <!-- Pom.Mobileworld.contactus -->
      <class name="Pom.Mobileworld.signup">
        <test-method is-config="true" signature="beforeTest()[pri:0, instance:Pom.Mobileworld.signup@712625fd]" started-at="2022-09-23T18:18:57 IST" name="beforeTest" finished-at="2022-09-23T18:18:57 IST" duration-ms="22" status="PASS">
          <reporter-output>
          </reporter-output>
        </test-method> <!-- beforeTest -->
        <test-method signature="SignUp(java.lang.String,java.lang.String,java.lang.String,java.lang.String,java.lang.String,java.lang.String,java.lang.String)[pri:0, instance:Pom.Mobileworld.signup@712625fd]" started-at="2022-09-23T18:19:14 IST" name="SignUp" data-provider="SignUp" finished-at="2022-09-23T18:19:21 IST" duration-ms="7182" status="PASS">
          <params>
            <param index="0">
              <value>
                <![CDATA[Vaishnavi]]>
              </value>
            </param>
            <param index="1">
              <value>
                <![CDATA[Reddy]]>
              </value>
            </param>
            <param index="2">
              <value>
                <![CDATA[Vaishnavi@gmail.com]]>
              </value>
            </param>
            <param index="3">
              <value>
                <![CDATA[vaishu@123]]>
              </value>
            </param>
            <param index="4">
              <value>
                <![CDATA[09/09/2000]]>
              </value>
            </param>
            <param index="5">
              <value>
                <![CDATA[7624898249]]>
              </value>
            </param>
            <param index="6">
              <value>
                <![CDATA[I love singing]]>
              </value>
            </param>
          </params>
          <reporter-output>
          </reporter-output>
        </test-method> <!-- SignUp -->
        <test-method signature="SignUp(java.lang.String,java.lang.String,java.lang.String,java.lang.String,java.lang.String,java.lang.String,java.lang.String)[pri:0, instance:Pom.Mobileworld.signup@712625fd]" started-at="2022-09-23T18:19:21 IST" name="SignUp" data-provider="SignUp" finished-at="2022-09-23T18:19:28 IST" duration-ms="6972" status="PASS">
          <params>
            <param index="0">
              <value>
                <![CDATA[Va]]>
              </value>
            </param>
            <param index="1">
              <value>
                <![CDATA[Reddy patil]]>
              </value>
            </param>
            <param index="2">
              <value>
                <![CDATA[Vaishnavi@gmail.com]]>
              </value>
            </param>
            <param index="3">
              <value>
                <![CDATA[13]]>
              </value>
            </param>
            <param index="4">
              <value>
                <![CDATA[09/09/2033]]>
              </value>
            </param>
            <param index="5">
              <value>
                <![CDATA[762489]]>
              </value>
            </param>
            <param index="6">
              <value>
                <![CDATA[I love singing]]>
              </value>
            </param>
          </params>
          <reporter-output>
          </reporter-output>
        </test-method> <!-- SignUp -->
      </class> <!-- Pom.Mobileworld.signup -->
      <class name="Pom.Mobileworld.signin">
        <test-method signature="SignIn(java.lang.String,java.lang.String)[pri:0, instance:Pom.Mobileworld.signin@6c1a5b54]" started-at="2022-09-23T18:18:57 IST" name="SignIn" data-provider="SignIn" finished-at="2022-09-23T18:19:07 IST" duration-ms="10467" status="PASS">
          <params>
            <param index="0">
              <value>
                <![CDATA[Vaishnavi]]>
              </value>
            </param>
            <param index="1">
              <value>
                <![CDATA[vaishu@18]]>
              </value>
            </param>
          </params>
          <reporter-output>
          </reporter-output>
        </test-method> <!-- SignIn -->
        <test-method signature="SignIn(java.lang.String,java.lang.String)[pri:0, instance:Pom.Mobileworld.signin@6c1a5b54]" started-at="2022-09-23T18:19:07 IST" name="SignIn" data-provider="SignIn" finished-at="2022-09-23T18:19:14 IST" duration-ms="6519" status="PASS">
          <params>
            <param index="0">
              <value>
                <![CDATA[12344]]>
              </value>
            </param>
            <param index="1">
              <value>
                <![CDATA[@#$$%%]]>
              </value>
            </param>
          </params>
          <reporter-output>
          </reporter-output>
        </test-method> <!-- SignIn -->
      </class> <!-- Pom.Mobileworld.signin -->
    </test> <!-- Mobileworld -->
  </suite> <!-- Suite -->
</testng-results>
